<?xml version="1.0" encoding="UTF-8"?>
<!-- Generated by org.testng.reporters.JUnitReportReporter -->
<testsuite hostname="АагорнсынАратор" failures="0" tests="2" name="FirstTest" time="0.000" errors="0" timestamp="2021-02-14T20:32:12 MSK" skipped="2">
  <testcase classname="FirstTest" name="secondTest" time="0.000">
    <skipped/>
  </testcase> <!-- secondTest -->
  <system-out/>
  <testcase classname="FirstTest" name="firstTest" time="0.000">
    <skipped/>
  </testcase> <!-- firstTest -->
  <system-out/>
</testsuite> <!-- FirstTest -->
